[00:47:18] [Server thread/INFO]: Starting minecraft server version 1.8.8
[00:47:18] [Server thread/INFO]: Loading properties
[00:47:18] [Server thread/WARN]: server.properties does not exist
[00:47:18] [Server thread/INFO]: Generating new properties file
[00:47:18] [Server thread/INFO]: Default game type: SURVIVAL
[00:47:18] [Server thread/INFO]: This server is running CraftBukkit version git-Spigot-db6de12-18fbb24 (MC: 1.8.8) (Implementing API version 1.8.8-R0.1-SNAPSHOT)
[00:47:18] [Server thread/INFO]: Unable to find file banned-players.json, creating it.
[00:47:18] [Server thread/INFO]: Unable to find file banned-ips.json, creating it.
[00:47:18] [Server thread/INFO]: Unable to find file ops.json, creating it.
[00:47:18] [Server thread/INFO]: Unable to find file whitelist.json, creating it.
[00:47:18] [Server thread/INFO]: Debug logging is disabled
[00:47:18] [Server thread/INFO]: Using 4 threads for Netty based IO
[00:47:18] [Server thread/INFO]: Server Ping Player Sample Count: 12
[00:47:18] [Server thread/INFO]: Generating keypair
[00:47:19] [Server thread/INFO]: Starting Minecraft server on *:25565
[00:47:19] [Server thread/INFO]: Using default channel type
[00:47:19] [Server thread/INFO]: **** Beginning UUID conversion, this may take A LONG time ****
[00:47:19] [Server thread/INFO]: Preparing level "world"
[00:47:19] [Server thread/INFO]: -------- World Settings For [world] --------
[00:47:19] [Server thread/INFO]: Structure Info Saving: true
[00:47:19] [Server thread/INFO]: Random Lighting Updates: false
[00:47:19] [Server thread/INFO]: Cactus Growth Modifier: 100%
[00:47:19] [Server thread/INFO]: Cane Growth Modifier: 100%
[00:47:19] [Server thread/INFO]: Melon Growth Modifier: 100%
[00:47:19] [Server thread/INFO]: Mushroom Growth Modifier: 100%
[00:47:19] [Server thread/INFO]: Pumpkin Growth Modifier: 100%
[00:47:19] [Server thread/INFO]: Sapling Growth Modifier: 100%
[00:47:19] [Server thread/INFO]: Wheat Growth Modifier: 100%
[00:47:19] [Server thread/INFO]: NetherWart Growth Modifier: 100%
[00:47:19] [Server thread/INFO]: Max TNT Explosions: 100
[00:47:19] [Server thread/INFO]: Sending up to 10 chunks per packet
[00:47:19] [Server thread/INFO]: Tile Max Tick Time: 50ms Entity max Tick Time: 50ms
[00:47:19] [Server thread/INFO]: Entity Activation Range: An 32 / Mo 32 / Mi 16
[00:47:19] [Server thread/INFO]: Hopper Transfer: 8 Hopper Check: 8 Hopper Amount: 1
[00:47:19] [Server thread/INFO]: Entity Tracking Range: Pl 48 / An 48 / Mo 48 / Mi 32 / Other 64
[00:47:19] [Server thread/INFO]: Custom Map Seeds:  Village: 10387312 Feature: 14357617
[00:47:19] [Server thread/INFO]: Max Entity Collisions: 8
[00:47:19] [Server thread/INFO]: Anti X-Ray: true
[00:47:19] [Server thread/INFO]: 	Engine Mode: 1
[00:47:19] [Server thread/INFO]: 	Hidden Blocks: [14, 15, 16, 21, 48, 49, 54, 56, 73, 74, 82, 129, 130]
[00:47:19] [Server thread/INFO]: 	Replace Blocks: [1, 5]
[00:47:19] [Server thread/INFO]: Mob Spawn Range: 4
[00:47:19] [Server thread/INFO]: Nerfing mobs spawned from spawners: false
[00:47:19] [Server thread/INFO]: Item Despawn Rate: 6000
[00:47:19] [Server thread/INFO]: Item Merge Radius: 2.5
[00:47:19] [Server thread/INFO]: View Distance: 10
[00:47:19] [Server thread/INFO]: Arrow Despawn Rate: 1200
[00:47:19] [Server thread/INFO]: Experience Merge Radius: 3.0
[00:47:19] [Server thread/INFO]: Chunks to Grow per Tick: 650
[00:47:19] [Server thread/INFO]: Clear tick list: false
[00:47:19] [Server thread/INFO]: Allow Zombie Pigmen to spawn from portal blocks: true
[00:47:19] [Server thread/INFO]: Zombie Aggressive Towards Villager: true
[00:47:19] [Server thread/WARN]: Unable to find spawn biome
[00:47:19] [Server thread/INFO]: -------- World Settings For [world_nether] --------
[00:47:19] [Server thread/INFO]: Structure Info Saving: true
[00:47:19] [Server thread/INFO]: Random Lighting Updates: false
[00:47:19] [Server thread/INFO]: Cactus Growth Modifier: 100%
[00:47:19] [Server thread/INFO]: Cane Growth Modifier: 100%
[00:47:19] [Server thread/INFO]: Melon Growth Modifier: 100%
[00:47:19] [Server thread/INFO]: Mushroom Growth Modifier: 100%
[00:47:19] [Server thread/INFO]: Pumpkin Growth Modifier: 100%
[00:47:19] [Server thread/INFO]: Sapling Growth Modifier: 100%
[00:47:19] [Server thread/INFO]: Wheat Growth Modifier: 100%
[00:47:19] [Server thread/INFO]: NetherWart Growth Modifier: 100%
[00:47:19] [Server thread/INFO]: Max TNT Explosions: 100
[00:47:19] [Server thread/INFO]: Sending up to 10 chunks per packet
[00:47:19] [Server thread/INFO]: Tile Max Tick Time: 50ms Entity max Tick Time: 50ms
[00:47:19] [Server thread/INFO]: Entity Activation Range: An 32 / Mo 32 / Mi 16
[00:47:19] [Server thread/INFO]: Hopper Transfer: 8 Hopper Check: 8 Hopper Amount: 1
[00:47:19] [Server thread/INFO]: Entity Tracking Range: Pl 48 / An 48 / Mo 48 / Mi 32 / Other 64
[00:47:19] [Server thread/INFO]: Custom Map Seeds:  Village: 10387312 Feature: 14357617
[00:47:19] [Server thread/INFO]: Max Entity Collisions: 8
[00:47:19] [Server thread/INFO]: Anti X-Ray: true
[00:47:19] [Server thread/INFO]: 	Engine Mode: 1
[00:47:19] [Server thread/INFO]: 	Hidden Blocks: [14, 15, 16, 21, 48, 49, 54, 56, 73, 74, 82, 129, 130]
[00:47:19] [Server thread/INFO]: 	Replace Blocks: [1, 5]
[00:47:19] [Server thread/INFO]: Mob Spawn Range: 4
[00:47:19] [Server thread/INFO]: Nerfing mobs spawned from spawners: false
[00:47:19] [Server thread/INFO]: Item Despawn Rate: 6000
[00:47:19] [Server thread/INFO]: Item Merge Radius: 2.5
[00:47:19] [Server thread/INFO]: View Distance: 10
[00:47:19] [Server thread/INFO]: Arrow Despawn Rate: 1200
[00:47:19] [Server thread/INFO]: Experience Merge Radius: 3.0
[00:47:19] [Server thread/INFO]: Chunks to Grow per Tick: 650
[00:47:19] [Server thread/INFO]: Clear tick list: false
[00:47:19] [Server thread/INFO]: Allow Zombie Pigmen to spawn from portal blocks: true
[00:47:19] [Server thread/INFO]: Zombie Aggressive Towards Villager: true
[00:47:19] [Server thread/INFO]: -------- World Settings For [world_the_end] --------
[00:47:19] [Server thread/INFO]: Structure Info Saving: true
[00:47:19] [Server thread/INFO]: Random Lighting Updates: false
[00:47:19] [Server thread/INFO]: Cactus Growth Modifier: 100%
[00:47:19] [Server thread/INFO]: Cane Growth Modifier: 100%
[00:47:19] [Server thread/INFO]: Melon Growth Modifier: 100%
[00:47:19] [Server thread/INFO]: Mushroom Growth Modifier: 100%
[00:47:19] [Server thread/INFO]: Pumpkin Growth Modifier: 100%
[00:47:19] [Server thread/INFO]: Sapling Growth Modifier: 100%
[00:47:19] [Server thread/INFO]: Wheat Growth Modifier: 100%
[00:47:19] [Server thread/INFO]: NetherWart Growth Modifier: 100%
[00:47:19] [Server thread/INFO]: Max TNT Explosions: 100
[00:47:19] [Server thread/INFO]: Sending up to 10 chunks per packet
[00:47:19] [Server thread/INFO]: Tile Max Tick Time: 50ms Entity max Tick Time: 50ms
[00:47:19] [Server thread/INFO]: Entity Activation Range: An 32 / Mo 32 / Mi 16
[00:47:19] [Server thread/INFO]: Hopper Transfer: 8 Hopper Check: 8 Hopper Amount: 1
[00:47:19] [Server thread/INFO]: Entity Tracking Range: Pl 48 / An 48 / Mo 48 / Mi 32 / Other 64
[00:47:19] [Server thread/INFO]: Custom Map Seeds:  Village: 10387312 Feature: 14357617
[00:47:19] [Server thread/INFO]: Max Entity Collisions: 8
[00:47:19] [Server thread/INFO]: Anti X-Ray: true
[00:47:19] [Server thread/INFO]: 	Engine Mode: 1
[00:47:19] [Server thread/INFO]: 	Hidden Blocks: [14, 15, 16, 21, 48, 49, 54, 56, 73, 74, 82, 129, 130]
[00:47:19] [Server thread/INFO]: 	Replace Blocks: [1, 5]
[00:47:19] [Server thread/INFO]: Mob Spawn Range: 4
[00:47:19] [Server thread/INFO]: Nerfing mobs spawned from spawners: false
[00:47:19] [Server thread/INFO]: Item Despawn Rate: 6000
[00:47:19] [Server thread/INFO]: Item Merge Radius: 2.5
[00:47:19] [Server thread/INFO]: View Distance: 10
[00:47:19] [Server thread/INFO]: Arrow Despawn Rate: 1200
[00:47:19] [Server thread/INFO]: Experience Merge Radius: 3.0
[00:47:19] [Server thread/INFO]: Chunks to Grow per Tick: 650
[00:47:19] [Server thread/INFO]: Clear tick list: false
[00:47:19] [Server thread/INFO]: Allow Zombie Pigmen to spawn from portal blocks: true
[00:47:19] [Server thread/INFO]: Zombie Aggressive Towards Villager: true
[00:47:19] [Server thread/INFO]: Preparing start region for level 0 (Seed: 7438262847450607916)
[00:47:20] [Server thread/INFO]: Preparing spawn area: 12%
[00:47:21] [Server thread/INFO]: Preparing spawn area: 25%
[00:47:22] [Server thread/INFO]: Preparing spawn area: 35%
[00:47:23] [Server thread/INFO]: Preparing spawn area: 52%
[00:47:24] [Server thread/INFO]: Preparing spawn area: 69%
[00:47:25] [Server thread/INFO]: Preparing spawn area: 84%
[00:47:26] [Server thread/INFO]: Preparing start region for level 1 (Seed: 7438262847450607916)
[00:47:27] [Server thread/INFO]: Preparing spawn area: 31%
[00:47:28] [Server thread/INFO]: Preparing spawn area: 61%
[00:47:29] [Server thread/INFO]: Preparing spawn area: 96%
[00:47:29] [Server thread/INFO]: Preparing start region for level 2 (Seed: 7438262847450607916)
[00:47:31] [Server thread/INFO]: Preparing spawn area: 53%
[00:47:31] [Server thread/INFO]: Done (12,248s)! For help, type "help" or "?"
[00:47:37] [Thread-3/INFO]: Stopping server
