[23:26:47] [Server thread/INFO]: Starting minecraft server version 1.8.8
[23:26:47] [Server thread/INFO]: Loading properties
[23:26:47] [Server thread/INFO]: Default game type: SURVIVAL
[23:26:47] [Server thread/INFO]: This server is running CraftBukkit version git-Spigot-db6de12-18fbb24 (MC: 1.8.8) (Implementing API version 1.8.8-R0.1-SNAPSHOT)
[23:26:47] [Server thread/INFO]: Server Ping Player Sample Count: 12
[23:26:47] [Server thread/INFO]: Using 4 threads for Netty based IO
[23:26:47] [Server thread/INFO]: Debug logging is disabled
[23:26:47] [Server thread/INFO]: Generating keypair
[23:26:48] [Server thread/INFO]: Starting Minecraft server on *:25565
[23:26:48] [Server thread/INFO]: Using default channel type
[23:26:48] [Server thread/INFO]: Set PluginClassLoader as parallel capable
[23:26:48] [Server thread/INFO]: [ICMPvPBox] Loading ICMPvPBox vALPHA^0.1
[23:26:48] [Server thread/INFO]: **** Beginning UUID conversion, this may take A LONG time ****
[23:26:48] [Server thread/INFO]: Preparing level "world"
[23:26:48] [Server thread/INFO]: -------- World Settings For [world] --------
[23:26:48] [Server thread/INFO]: Allow Zombie Pigmen to spawn from portal blocks: true
[23:26:48] [Server thread/INFO]: Chunks to Grow per Tick: 650
[23:26:48] [Server thread/INFO]: Clear tick list: false
[23:26:48] [Server thread/INFO]: Experience Merge Radius: 3.0
[23:26:48] [Server thread/INFO]: Zombie Aggressive Towards Villager: true
[23:26:48] [Server thread/INFO]: Max Entity Collisions: 8
[23:26:48] [Server thread/INFO]: Custom Map Seeds:  Village: 10387312 Feature: 14357617
[23:26:48] [Server thread/INFO]: Item Merge Radius: 2.5
[23:26:48] [Server thread/INFO]: Item Despawn Rate: 6000
[23:26:48] [Server thread/INFO]: Arrow Despawn Rate: 1200
[23:26:48] [Server thread/INFO]: View Distance: 10
[23:26:48] [Server thread/INFO]: Anti X-Ray: true
[23:26:48] [Server thread/INFO]: 	Engine Mode: 1
[23:26:48] [Server thread/INFO]: 	Hidden Blocks: [14, 15, 16, 21, 48, 49, 54, 56, 73, 74, 82, 129, 130]
[23:26:48] [Server thread/INFO]: 	Replace Blocks: [1, 5]
[23:26:48] [Server thread/INFO]: Mob Spawn Range: 4
[23:26:48] [Server thread/INFO]: Nerfing mobs spawned from spawners: false
[23:26:48] [Server thread/INFO]: Cactus Growth Modifier: 100%
[23:26:48] [Server thread/INFO]: Cane Growth Modifier: 100%
[23:26:48] [Server thread/INFO]: Melon Growth Modifier: 100%
[23:26:48] [Server thread/INFO]: Mushroom Growth Modifier: 100%
[23:26:48] [Server thread/INFO]: Pumpkin Growth Modifier: 100%
[23:26:48] [Server thread/INFO]: Sapling Growth Modifier: 100%
[23:26:48] [Server thread/INFO]: Wheat Growth Modifier: 100%
[23:26:48] [Server thread/INFO]: NetherWart Growth Modifier: 100%
[23:26:48] [Server thread/INFO]: Entity Activation Range: An 32 / Mo 32 / Mi 16
[23:26:48] [Server thread/INFO]: Entity Tracking Range: Pl 48 / An 48 / Mo 48 / Mi 32 / Other 64
[23:26:48] [Server thread/INFO]: Hopper Transfer: 8 Hopper Check: 8 Hopper Amount: 1
[23:26:48] [Server thread/INFO]: Structure Info Saving: true
[23:26:48] [Server thread/INFO]: Max TNT Explosions: 100
[23:26:48] [Server thread/INFO]: Random Lighting Updates: false
[23:26:48] [Server thread/INFO]: Tile Max Tick Time: 50ms Entity max Tick Time: 50ms
[23:26:48] [Server thread/INFO]: Sending up to 10 chunks per packet
[23:26:48] [Server thread/INFO]: -------- World Settings For [world_nether] --------
[23:26:48] [Server thread/INFO]: Allow Zombie Pigmen to spawn from portal blocks: true
[23:26:48] [Server thread/INFO]: Chunks to Grow per Tick: 650
[23:26:48] [Server thread/INFO]: Clear tick list: false
[23:26:48] [Server thread/INFO]: Experience Merge Radius: 3.0
[23:26:48] [Server thread/INFO]: Zombie Aggressive Towards Villager: true
[23:26:48] [Server thread/INFO]: Max Entity Collisions: 8
[23:26:48] [Server thread/INFO]: Custom Map Seeds:  Village: 10387312 Feature: 14357617
[23:26:48] [Server thread/INFO]: Item Merge Radius: 2.5
[23:26:48] [Server thread/INFO]: Item Despawn Rate: 6000
[23:26:48] [Server thread/INFO]: Arrow Despawn Rate: 1200
[23:26:48] [Server thread/INFO]: View Distance: 10
[23:26:48] [Server thread/INFO]: Anti X-Ray: true
[23:26:48] [Server thread/INFO]: 	Engine Mode: 1
[23:26:48] [Server thread/INFO]: 	Hidden Blocks: [14, 15, 16, 21, 48, 49, 54, 56, 73, 74, 82, 129, 130]
[23:26:48] [Server thread/INFO]: 	Replace Blocks: [1, 5]
[23:26:48] [Server thread/INFO]: Mob Spawn Range: 4
[23:26:48] [Server thread/INFO]: Nerfing mobs spawned from spawners: false
[23:26:48] [Server thread/INFO]: Cactus Growth Modifier: 100%
[23:26:48] [Server thread/INFO]: Cane Growth Modifier: 100%
[23:26:48] [Server thread/INFO]: Melon Growth Modifier: 100%
[23:26:48] [Server thread/INFO]: Mushroom Growth Modifier: 100%
[23:26:48] [Server thread/INFO]: Pumpkin Growth Modifier: 100%
[23:26:48] [Server thread/INFO]: Sapling Growth Modifier: 100%
[23:26:48] [Server thread/INFO]: Wheat Growth Modifier: 100%
[23:26:48] [Server thread/INFO]: NetherWart Growth Modifier: 100%
[23:26:48] [Server thread/INFO]: Entity Activation Range: An 32 / Mo 32 / Mi 16
[23:26:48] [Server thread/INFO]: Entity Tracking Range: Pl 48 / An 48 / Mo 48 / Mi 32 / Other 64
[23:26:48] [Server thread/INFO]: Hopper Transfer: 8 Hopper Check: 8 Hopper Amount: 1
[23:26:48] [Server thread/INFO]: Structure Info Saving: true
[23:26:48] [Server thread/INFO]: Max TNT Explosions: 100
[23:26:48] [Server thread/INFO]: Random Lighting Updates: false
[23:26:48] [Server thread/INFO]: Tile Max Tick Time: 50ms Entity max Tick Time: 50ms
[23:26:48] [Server thread/INFO]: Sending up to 10 chunks per packet
[23:26:48] [Server thread/INFO]: -------- World Settings For [world_the_end] --------
[23:26:48] [Server thread/INFO]: Allow Zombie Pigmen to spawn from portal blocks: true
[23:26:48] [Server thread/INFO]: Chunks to Grow per Tick: 650
[23:26:48] [Server thread/INFO]: Clear tick list: false
[23:26:48] [Server thread/INFO]: Experience Merge Radius: 3.0
[23:26:48] [Server thread/INFO]: Zombie Aggressive Towards Villager: true
[23:26:48] [Server thread/INFO]: Max Entity Collisions: 8
[23:26:48] [Server thread/INFO]: Custom Map Seeds:  Village: 10387312 Feature: 14357617
[23:26:48] [Server thread/INFO]: Item Merge Radius: 2.5
[23:26:48] [Server thread/INFO]: Item Despawn Rate: 6000
[23:26:48] [Server thread/INFO]: Arrow Despawn Rate: 1200
[23:26:48] [Server thread/INFO]: View Distance: 10
[23:26:48] [Server thread/INFO]: Anti X-Ray: true
[23:26:48] [Server thread/INFO]: 	Engine Mode: 1
[23:26:48] [Server thread/INFO]: 	Hidden Blocks: [14, 15, 16, 21, 48, 49, 54, 56, 73, 74, 82, 129, 130]
[23:26:48] [Server thread/INFO]: 	Replace Blocks: [1, 5]
[23:26:48] [Server thread/INFO]: Mob Spawn Range: 4
[23:26:48] [Server thread/INFO]: Nerfing mobs spawned from spawners: false
[23:26:48] [Server thread/INFO]: Cactus Growth Modifier: 100%
[23:26:48] [Server thread/INFO]: Cane Growth Modifier: 100%
[23:26:48] [Server thread/INFO]: Melon Growth Modifier: 100%
[23:26:48] [Server thread/INFO]: Mushroom Growth Modifier: 100%
[23:26:48] [Server thread/INFO]: Pumpkin Growth Modifier: 100%
[23:26:48] [Server thread/INFO]: Sapling Growth Modifier: 100%
[23:26:48] [Server thread/INFO]: Wheat Growth Modifier: 100%
[23:26:48] [Server thread/INFO]: NetherWart Growth Modifier: 100%
[23:26:48] [Server thread/INFO]: Entity Activation Range: An 32 / Mo 32 / Mi 16
[23:26:48] [Server thread/INFO]: Entity Tracking Range: Pl 48 / An 48 / Mo 48 / Mi 32 / Other 64
[23:26:48] [Server thread/INFO]: Hopper Transfer: 8 Hopper Check: 8 Hopper Amount: 1
[23:26:48] [Server thread/INFO]: Structure Info Saving: true
[23:26:48] [Server thread/INFO]: Max TNT Explosions: 100
[23:26:48] [Server thread/INFO]: Random Lighting Updates: false
[23:26:48] [Server thread/INFO]: Tile Max Tick Time: 50ms Entity max Tick Time: 50ms
[23:26:48] [Server thread/INFO]: Sending up to 10 chunks per packet
[23:26:48] [Server thread/INFO]: Preparing start region for level 0 (Seed: 7438262847450607916)
[23:26:50] [Server thread/INFO]: Preparing spawn area: 64%
[23:26:50] [Server thread/INFO]: Preparing start region for level 1 (Seed: 7438262847450607916)
[23:26:51] [Server thread/INFO]: Preparing spawn area: 88%
[23:26:51] [Server thread/INFO]: Preparing start region for level 2 (Seed: 7438262847450607916)
[23:26:51] [Server thread/INFO]: [ICMPvPBox] Enabling ICMPvPBox vALPHA^0.1
[23:26:51] [Server thread/INFO]: Launching Kit Loader Class ...
[23:26:51] [Server thread/INFO]: SUCCESS CONFIG
[23:26:51] [Server thread/INFO]: Server permissions file permissions.yml is empty, ignoring it
[23:26:52] [Server thread/INFO]: Done (3,297s)! For help, type "help" or "?"
[23:26:52] [Server thread/INFO]: [ICM] Sauvegarde de 1 Profile !
[23:26:56] [Server thread/INFO]: com.mojang.authlib.GameProfile@6bbd952[id=<null>,name=Shurisko,properties={},legacy=false] (/127.0.0.1:58406) lost connection: Disconnected
[23:30:51] [Server thread/INFO]: com.mojang.authlib.GameProfile@57bb17bb[id=<null>,name=Shurisko,properties={},legacy=false] (/127.0.0.1:58451) lost connection: Disconnected
[23:36:55] [Server thread/WARN]: net.minecraft.server.v1_8_R3.ExceptionWorldConflict: The save for world located at .\world is being accessed from another location, aborting
[23:36:55] [Server thread/WARN]: 	at net.minecraft.server.v1_8_R3.WorldNBTStorage.checkSession(WorldNBTStorage.java:72)
[23:36:55] [Server thread/WARN]: 	at net.minecraft.server.v1_8_R3.World.checkSession(World.java:2824)
[23:36:55] [Server thread/WARN]: 	at net.minecraft.server.v1_8_R3.WorldServer.a(WorldServer.java:951)
[23:36:55] [Server thread/WARN]: 	at net.minecraft.server.v1_8_R3.WorldServer.save(WorldServer.java:923)
[23:36:55] [Server thread/WARN]: 	at org.bukkit.craftbukkit.v1_8_R3.CraftWorld.save(CraftWorld.java:753)
[23:36:55] [Server thread/WARN]: 	at net.minecraft.server.v1_8_R3.MinecraftServer.A(MinecraftServer.java:679)
[23:36:55] [Server thread/WARN]: 	at net.minecraft.server.v1_8_R3.MinecraftServer.run(MinecraftServer.java:557)
[23:36:55] [Server thread/WARN]: 	at java.lang.Thread.run(Unknown Source)
[23:36:55] [Server thread/WARN]: net.minecraft.server.v1_8_R3.ExceptionWorldConflict: The save for world located at .\world_nether is being accessed from another location, aborting
[23:36:55] [Server thread/WARN]: 	at net.minecraft.server.v1_8_R3.WorldNBTStorage.checkSession(WorldNBTStorage.java:72)
[23:36:55] [Server thread/WARN]: 	at net.minecraft.server.v1_8_R3.World.checkSession(World.java:2824)
[23:36:55] [Server thread/WARN]: 	at net.minecraft.server.v1_8_R3.WorldServer.a(WorldServer.java:951)
[23:36:55] [Server thread/WARN]: 	at net.minecraft.server.v1_8_R3.WorldServer.save(WorldServer.java:923)
[23:36:55] [Server thread/WARN]: 	at org.bukkit.craftbukkit.v1_8_R3.CraftWorld.save(CraftWorld.java:753)
[23:36:55] [Server thread/WARN]: 	at net.minecraft.server.v1_8_R3.MinecraftServer.A(MinecraftServer.java:679)
[23:36:55] [Server thread/WARN]: 	at net.minecraft.server.v1_8_R3.MinecraftServer.run(MinecraftServer.java:557)
[23:36:55] [Server thread/WARN]: 	at java.lang.Thread.run(Unknown Source)
[23:36:55] [Server thread/WARN]: net.minecraft.server.v1_8_R3.ExceptionWorldConflict: The save for world located at .\world_the_end is being accessed from another location, aborting
[23:36:55] [Server thread/WARN]: 	at net.minecraft.server.v1_8_R3.WorldNBTStorage.checkSession(WorldNBTStorage.java:72)
[23:36:55] [Server thread/WARN]: 	at net.minecraft.server.v1_8_R3.World.checkSession(World.java:2824)
[23:36:55] [Server thread/WARN]: 	at net.minecraft.server.v1_8_R3.WorldServer.a(WorldServer.java:951)
[23:36:55] [Server thread/WARN]: 	at net.minecraft.server.v1_8_R3.WorldServer.save(WorldServer.java:923)
[23:36:55] [Server thread/WARN]: 	at org.bukkit.craftbukkit.v1_8_R3.CraftWorld.save(CraftWorld.java:753)
[23:36:55] [Server thread/WARN]: 	at net.minecraft.server.v1_8_R3.MinecraftServer.A(MinecraftServer.java:679)
[23:36:55] [Server thread/WARN]: 	at net.minecraft.server.v1_8_R3.MinecraftServer.run(MinecraftServer.java:557)
[23:36:55] [Server thread/WARN]: 	at java.lang.Thread.run(Unknown Source)
[23:41:56] [Server thread/WARN]: net.minecraft.server.v1_8_R3.ExceptionWorldConflict: The save for world located at .\world is being accessed from another location, aborting
[23:41:56] [Server thread/WARN]: 	at net.minecraft.server.v1_8_R3.WorldNBTStorage.checkSession(WorldNBTStorage.java:72)
[23:41:56] [Server thread/WARN]: 	at net.minecraft.server.v1_8_R3.World.checkSession(World.java:2824)
[23:41:56] [Server thread/WARN]: 	at net.minecraft.server.v1_8_R3.WorldServer.a(WorldServer.java:951)
[23:41:56] [Server thread/WARN]: 	at net.minecraft.server.v1_8_R3.WorldServer.save(WorldServer.java:923)
[23:41:56] [Server thread/WARN]: 	at org.bukkit.craftbukkit.v1_8_R3.CraftWorld.save(CraftWorld.java:753)
[23:41:56] [Server thread/WARN]: 	at net.minecraft.server.v1_8_R3.MinecraftServer.A(MinecraftServer.java:679)
[23:41:56] [Server thread/WARN]: 	at net.minecraft.server.v1_8_R3.MinecraftServer.run(MinecraftServer.java:557)
[23:41:56] [Server thread/WARN]: 	at java.lang.Thread.run(Unknown Source)
[23:41:56] [Server thread/WARN]: net.minecraft.server.v1_8_R3.ExceptionWorldConflict: The save for world located at .\world_nether is being accessed from another location, aborting
[23:41:56] [Server thread/WARN]: 	at net.minecraft.server.v1_8_R3.WorldNBTStorage.checkSession(WorldNBTStorage.java:72)
[23:41:56] [Server thread/WARN]: 	at net.minecraft.server.v1_8_R3.World.checkSession(World.java:2824)
[23:41:56] [Server thread/WARN]: 	at net.minecraft.server.v1_8_R3.WorldServer.a(WorldServer.java:951)
[23:41:56] [Server thread/WARN]: 	at net.minecraft.server.v1_8_R3.WorldServer.save(WorldServer.java:923)
[23:41:56] [Server thread/WARN]: 	at org.bukkit.craftbukkit.v1_8_R3.CraftWorld.save(CraftWorld.java:753)
[23:41:56] [Server thread/WARN]: 	at net.minecraft.server.v1_8_R3.MinecraftServer.A(MinecraftServer.java:679)
[23:41:56] [Server thread/WARN]: 	at net.minecraft.server.v1_8_R3.MinecraftServer.run(MinecraftServer.java:557)
[23:41:56] [Server thread/WARN]: 	at java.lang.Thread.run(Unknown Source)
[23:41:56] [Server thread/WARN]: net.minecraft.server.v1_8_R3.ExceptionWorldConflict: The save for world located at .\world_the_end is being accessed from another location, aborting
[23:41:56] [Server thread/WARN]: 	at net.minecraft.server.v1_8_R3.WorldNBTStorage.checkSession(WorldNBTStorage.java:72)
[23:41:56] [Server thread/WARN]: 	at net.minecraft.server.v1_8_R3.World.checkSession(World.java:2824)
[23:41:56] [Server thread/WARN]: 	at net.minecraft.server.v1_8_R3.WorldServer.a(WorldServer.java:951)
[23:41:56] [Server thread/WARN]: 	at net.minecraft.server.v1_8_R3.WorldServer.save(WorldServer.java:923)
[23:41:56] [Server thread/WARN]: 	at org.bukkit.craftbukkit.v1_8_R3.CraftWorld.save(CraftWorld.java:753)
[23:41:56] [Server thread/WARN]: 	at net.minecraft.server.v1_8_R3.MinecraftServer.A(MinecraftServer.java:679)
[23:41:56] [Server thread/WARN]: 	at net.minecraft.server.v1_8_R3.MinecraftServer.run(MinecraftServer.java:557)
[23:41:56] [Server thread/WARN]: 	at java.lang.Thread.run(Unknown Source)
[23:46:57] [Server thread/WARN]: net.minecraft.server.v1_8_R3.ExceptionWorldConflict: The save for world located at .\world is being accessed from another location, aborting
[23:46:57] [Server thread/WARN]: 	at net.minecraft.server.v1_8_R3.WorldNBTStorage.checkSession(WorldNBTStorage.java:72)
[23:46:57] [Server thread/WARN]: 	at net.minecraft.server.v1_8_R3.World.checkSession(World.java:2824)
[23:46:57] [Server thread/WARN]: 	at net.minecraft.server.v1_8_R3.WorldServer.a(WorldServer.java:951)
[23:46:57] [Server thread/WARN]: 	at net.minecraft.server.v1_8_R3.WorldServer.save(WorldServer.java:923)
[23:46:57] [Server thread/WARN]: 	at org.bukkit.craftbukkit.v1_8_R3.CraftWorld.save(CraftWorld.java:753)
[23:46:57] [Server thread/WARN]: 	at net.minecraft.server.v1_8_R3.MinecraftServer.A(MinecraftServer.java:679)
[23:46:57] [Server thread/WARN]: 	at net.minecraft.server.v1_8_R3.MinecraftServer.run(MinecraftServer.java:557)
[23:46:57] [Server thread/WARN]: 	at java.lang.Thread.run(Unknown Source)
[23:46:57] [Server thread/WARN]: net.minecraft.server.v1_8_R3.ExceptionWorldConflict: The save for world located at .\world_nether is being accessed from another location, aborting
[23:46:57] [Server thread/WARN]: 	at net.minecraft.server.v1_8_R3.WorldNBTStorage.checkSession(WorldNBTStorage.java:72)
[23:46:57] [Server thread/WARN]: 	at net.minecraft.server.v1_8_R3.World.checkSession(World.java:2824)
[23:46:57] [Server thread/WARN]: 	at net.minecraft.server.v1_8_R3.WorldServer.a(WorldServer.java:951)
[23:46:57] [Server thread/WARN]: 	at net.minecraft.server.v1_8_R3.WorldServer.save(WorldServer.java:923)
[23:46:57] [Server thread/WARN]: 	at org.bukkit.craftbukkit.v1_8_R3.CraftWorld.save(CraftWorld.java:753)
[23:46:57] [Server thread/WARN]: 	at net.minecraft.server.v1_8_R3.MinecraftServer.A(MinecraftServer.java:679)
[23:46:57] [Server thread/WARN]: 	at net.minecraft.server.v1_8_R3.MinecraftServer.run(MinecraftServer.java:557)
[23:46:57] [Server thread/WARN]: 	at java.lang.Thread.run(Unknown Source)
[23:46:57] [Server thread/WARN]: net.minecraft.server.v1_8_R3.ExceptionWorldConflict: The save for world located at .\world_the_end is being accessed from another location, aborting
[23:46:57] [Server thread/WARN]: 	at net.minecraft.server.v1_8_R3.WorldNBTStorage.checkSession(WorldNBTStorage.java:72)
[23:46:57] [Server thread/WARN]: 	at net.minecraft.server.v1_8_R3.World.checkSession(World.java:2824)
[23:46:57] [Server thread/WARN]: 	at net.minecraft.server.v1_8_R3.WorldServer.a(WorldServer.java:951)
[23:46:57] [Server thread/WARN]: 	at net.minecraft.server.v1_8_R3.WorldServer.save(WorldServer.java:923)
[23:46:57] [Server thread/WARN]: 	at org.bukkit.craftbukkit.v1_8_R3.CraftWorld.save(CraftWorld.java:753)
[23:46:57] [Server thread/WARN]: 	at net.minecraft.server.v1_8_R3.MinecraftServer.A(MinecraftServer.java:679)
[23:46:57] [Server thread/WARN]: 	at net.minecraft.server.v1_8_R3.MinecraftServer.run(MinecraftServer.java:557)
[23:46:57] [Server thread/WARN]: 	at java.lang.Thread.run(Unknown Source)
[23:52:03] [Server thread/WARN]: net.minecraft.server.v1_8_R3.ExceptionWorldConflict: The save for world located at .\world is being accessed from another location, aborting
[23:52:03] [Server thread/WARN]: 	at net.minecraft.server.v1_8_R3.WorldNBTStorage.checkSession(WorldNBTStorage.java:72)
[23:52:03] [Server thread/WARN]: 	at net.minecraft.server.v1_8_R3.World.checkSession(World.java:2824)
[23:52:03] [Server thread/WARN]: 	at net.minecraft.server.v1_8_R3.WorldServer.a(WorldServer.java:951)
[23:52:03] [Server thread/WARN]: 	at net.minecraft.server.v1_8_R3.WorldServer.save(WorldServer.java:923)
[23:52:03] [Server thread/WARN]: 	at org.bukkit.craftbukkit.v1_8_R3.CraftWorld.save(CraftWorld.java:753)
[23:52:03] [Server thread/WARN]: 	at net.minecraft.server.v1_8_R3.MinecraftServer.A(MinecraftServer.java:679)
[23:52:03] [Server thread/WARN]: 	at net.minecraft.server.v1_8_R3.MinecraftServer.run(MinecraftServer.java:557)
[23:52:03] [Server thread/WARN]: 	at java.lang.Thread.run(Unknown Source)
[23:52:03] [Server thread/WARN]: net.minecraft.server.v1_8_R3.ExceptionWorldConflict: The save for world located at .\world_nether is being accessed from another location, aborting
[23:52:03] [Server thread/WARN]: 	at net.minecraft.server.v1_8_R3.WorldNBTStorage.checkSession(WorldNBTStorage.java:72)
[23:52:03] [Server thread/WARN]: 	at net.minecraft.server.v1_8_R3.World.checkSession(World.java:2824)
[23:52:03] [Server thread/WARN]: 	at net.minecraft.server.v1_8_R3.WorldServer.a(WorldServer.java:951)
[23:52:03] [Server thread/WARN]: 	at net.minecraft.server.v1_8_R3.WorldServer.save(WorldServer.java:923)
[23:52:03] [Server thread/WARN]: 	at org.bukkit.craftbukkit.v1_8_R3.CraftWorld.save(CraftWorld.java:753)
[23:52:03] [Server thread/WARN]: 	at net.minecraft.server.v1_8_R3.MinecraftServer.A(MinecraftServer.java:679)
[23:52:03] [Server thread/WARN]: 	at net.minecraft.server.v1_8_R3.MinecraftServer.run(MinecraftServer.java:557)
[23:52:03] [Server thread/WARN]: 	at java.lang.Thread.run(Unknown Source)
[23:52:03] [Server thread/WARN]: net.minecraft.server.v1_8_R3.ExceptionWorldConflict: The save for world located at .\world_the_end is being accessed from another location, aborting
[23:52:03] [Server thread/WARN]: 	at net.minecraft.server.v1_8_R3.WorldNBTStorage.checkSession(WorldNBTStorage.java:72)
[23:52:03] [Server thread/WARN]: 	at net.minecraft.server.v1_8_R3.World.checkSession(World.java:2824)
[23:52:03] [Server thread/WARN]: 	at net.minecraft.server.v1_8_R3.WorldServer.a(WorldServer.java:951)
[23:52:03] [Server thread/WARN]: 	at net.minecraft.server.v1_8_R3.WorldServer.save(WorldServer.java:923)
[23:52:03] [Server thread/WARN]: 	at org.bukkit.craftbukkit.v1_8_R3.CraftWorld.save(CraftWorld.java:753)
[23:52:03] [Server thread/WARN]: 	at net.minecraft.server.v1_8_R3.MinecraftServer.A(MinecraftServer.java:679)
[23:52:03] [Server thread/WARN]: 	at net.minecraft.server.v1_8_R3.MinecraftServer.run(MinecraftServer.java:557)
[23:52:03] [Server thread/WARN]: 	at java.lang.Thread.run(Unknown Source)
[23:57:03] [Server thread/WARN]: net.minecraft.server.v1_8_R3.ExceptionWorldConflict: The save for world located at .\world is being accessed from another location, aborting
[23:57:03] [Server thread/WARN]: 	at net.minecraft.server.v1_8_R3.WorldNBTStorage.checkSession(WorldNBTStorage.java:72)
[23:57:03] [Server thread/WARN]: 	at net.minecraft.server.v1_8_R3.World.checkSession(World.java:2824)
[23:57:03] [Server thread/WARN]: 	at net.minecraft.server.v1_8_R3.WorldServer.a(WorldServer.java:951)
[23:57:03] [Server thread/WARN]: 	at net.minecraft.server.v1_8_R3.WorldServer.save(WorldServer.java:923)
[23:57:03] [Server thread/WARN]: 	at org.bukkit.craftbukkit.v1_8_R3.CraftWorld.save(CraftWorld.java:753)
[23:57:03] [Server thread/WARN]: 	at net.minecraft.server.v1_8_R3.MinecraftServer.A(MinecraftServer.java:679)
[23:57:03] [Server thread/WARN]: 	at net.minecraft.server.v1_8_R3.MinecraftServer.run(MinecraftServer.java:557)
[23:57:03] [Server thread/WARN]: 	at java.lang.Thread.run(Unknown Source)
[23:57:03] [Server thread/WARN]: net.minecraft.server.v1_8_R3.ExceptionWorldConflict: The save for world located at .\world_nether is being accessed from another location, aborting
[23:57:03] [Server thread/WARN]: 	at net.minecraft.server.v1_8_R3.WorldNBTStorage.checkSession(WorldNBTStorage.java:72)
[23:57:03] [Server thread/WARN]: 	at net.minecraft.server.v1_8_R3.World.checkSession(World.java:2824)
[23:57:03] [Server thread/WARN]: 	at net.minecraft.server.v1_8_R3.WorldServer.a(WorldServer.java:951)
[23:57:03] [Server thread/WARN]: 	at net.minecraft.server.v1_8_R3.WorldServer.save(WorldServer.java:923)
[23:57:03] [Server thread/WARN]: 	at org.bukkit.craftbukkit.v1_8_R3.CraftWorld.save(CraftWorld.java:753)
[23:57:03] [Server thread/WARN]: 	at net.minecraft.server.v1_8_R3.MinecraftServer.A(MinecraftServer.java:679)
[23:57:03] [Server thread/WARN]: 	at net.minecraft.server.v1_8_R3.MinecraftServer.run(MinecraftServer.java:557)
[23:57:03] [Server thread/WARN]: 	at java.lang.Thread.run(Unknown Source)
[23:57:03] [Server thread/WARN]: net.minecraft.server.v1_8_R3.ExceptionWorldConflict: The save for world located at .\world_the_end is being accessed from another location, aborting
[23:57:03] [Server thread/WARN]: 	at net.minecraft.server.v1_8_R3.WorldNBTStorage.checkSession(WorldNBTStorage.java:72)
[23:57:03] [Server thread/WARN]: 	at net.minecraft.server.v1_8_R3.World.checkSession(World.java:2824)
[23:57:03] [Server thread/WARN]: 	at net.minecraft.server.v1_8_R3.WorldServer.a(WorldServer.java:951)
[23:57:03] [Server thread/WARN]: 	at net.minecraft.server.v1_8_R3.WorldServer.save(WorldServer.java:923)
[23:57:03] [Server thread/WARN]: 	at org.bukkit.craftbukkit.v1_8_R3.CraftWorld.save(CraftWorld.java:753)
[23:57:03] [Server thread/WARN]: 	at net.minecraft.server.v1_8_R3.MinecraftServer.A(MinecraftServer.java:679)
[23:57:03] [Server thread/WARN]: 	at net.minecraft.server.v1_8_R3.MinecraftServer.run(MinecraftServer.java:557)
[23:57:03] [Server thread/WARN]: 	at java.lang.Thread.run(Unknown Source)
[23:57:04] [Server thread/INFO]: [ICM] Sauvegarde de 1 Profile !
s$1.run(SourceFile:13) [spigot.jar:git-Spigot-db6de12-18fbb24]
	at java.util.concurrent.Executors$RunnableAdapter.call(Unknown Source) [?:1.8.0_281]
	at java.util.concurrent.FutureTask.run(Unknown Source) [?:1.8.0_281]
	at net.minecraft.server.v1_8_R3.SystemUtils.a(SourceFile:44) [spigot.jar:git-Spigot-db6de12-18fbb24]
	at net.minecraft.server.v1_8_R3.MinecraftServer.B(MinecraftServer.java:715) [spigot.jar:git-Spigot-db6de12-18fbb24]
	at net.minecraft.server.v1_8_R3.DedicatedServer.B(DedicatedServer.java:374) [spigot.jar:git-Spigot-db6de12-18fbb24]
	at net.minecraft.server.v1_8_R3.MinecraftServer.A(MinecraftServer.java:654) [spigot.jar:git-Spigot-db6de12-18fbb24]
	at net.minecraft.server.v1_8_R3.MinecraftServer.run(MinecraftServer.java:557) [spigot.jar:git-Spigot-db6de12-18fbb24]
	at java.lang.Thread.run(Unknown Source) [?:1.8.0_281]
Caused by: java.lang.NullPointerException
	at fr.icm.zone.event.UserRemoveZoneEvent.userClickOnRemoveZoneInventory(UserRemoveZoneEvent.java:26) ~[?:?]
	at sun.reflect.NativeMethodAccessorImpl.invoke0(Native Method) ~[?:1.8.0_281]
	at sun.reflect.NativeMethodAccessorImpl.invoke(Unknown Source) ~[?:1.8.0_281]
	at sun.reflect.DelegatingMethodAccessorImpl.invoke(Unknown Source) ~[?:1.8.0_281]
	at java.lang.reflect.Method.invoke(Unknown Source) ~[?:1.8.0_281]
	at org.bukkit.plugin.java.JavaPluginLoader$1.execute(JavaPluginLoader.java:306) ~[spigot.jar:git-Spigot-db6de12-18fbb24]
	... 15 more
[23:47:46] [Server thread/ERROR]: Could not pass event InventoryClickEvent to ICMPvPBox vALPHA^0.1
org.bukkit.event.EventException
	at org.bukkit.plugin.java.JavaPluginLoader$1.execute(JavaPluginLoader.java:310) ~[spigot.jar:git-Spigot-db6de12-18fbb24]
	at org.bukkit.plugin.RegisteredListener.callEvent(RegisteredListener.java:62) ~[spigot.jar:git-Spigot-db6de12-18fbb24]
	at org.bukkit.plugin.SimplePluginManager.fireEvent(SimplePluginManager.java:502) [spigot.jar:git-Spigot-db6de12-18fbb24]
	at org.bukkit.plugin.SimplePluginManager.callEvent(SimplePluginManager.java:487) [spigot.jar:git-Spigot-db6de12-18fbb24]
	at net.minecraft.server.v1_8_R3.PlayerConnection.a(PlayerConnection.java:1630) [spigot.jar:git-Spigot-db6de12-18fbb24]
	at net.minecraft.server.v1_8_R3.PacketPlayInWindowClick.a(SourceFile:31) [spigot.jar:git-Spigot-db6de12-18fbb24]
	at net.minecraft.server.v1_8_R3.PacketPlayInWindowClick.a(SourceFile:9) [spigot.jar:git-Spigot-db6de12-18fbb24]
	at net.minecraft.server.v1_8_R3.PlayerConnectionUtils$1.run(SourceFile:13) [spigot.jar:git-Spigot-db6de12-18fbb24]
	at java.util.concurrent.Executors$RunnableAdapter.call(Unknown Source) [?:1.8.0_281]
	at java.util.concurrent.FutureTask.run(Unknown Source) [?:1.8.0_281]
	at net.minecraft.server.v1_8_R3.SystemUtils.a(SourceFile:44) [spigot.jar:git-Spigot-db6de12-18fbb24]
	at net.minecraft.server.v1_8_R3.MinecraftServer.B(MinecraftServer.java:715) [spigot.jar:git-Spigot-db6de12-18fbb24]
	at net.minecraft.server.v1_8_R3.DedicatedServer.B(DedicatedServer.java:374) [spigot.jar:git-Spigot-db6de12-18fbb24]
	at net.minecraft.server.v1_8_R3.MinecraftServer.A(MinecraftServer.java:654) [spigot.jar:git-Spigot-db6de12-18fbb24]
	at net.minecraft.server.v1_8_R3.MinecraftServer.run(MinecraftServer.java:557) [spigot.jar:git-Spigot-db6de12-18fbb24]
	at java.lang.Thread.run(Unknown Source) [?:1.8.0_281]
Caused by: java.lang.NullPointerException
	at fr.icm.zone.event.UserRemoveZoneEvent.userClickOnRemoveZoneInventory(UserRemoveZoneEvent.java:26) ~[?:?]
	at sun.reflect.NativeMethodAccessorImpl.invoke0(Native Method) ~[?:1.8.0_281]
	at sun.reflect.NativeMethodAccessorImpl.invoke(Unknown Source) ~[?:1.8.0_281]
	at sun.reflect.DelegatingMethodAccessorImpl.invoke(Unknown Source) ~[?:1.8.0_281]
	at java.lang.reflect.Method.invoke(Unknown Source) ~[?:1.8.0_281]
	at org.bukkit.plugin.java.JavaPluginLoader$1.execute(JavaPluginLoader.java:306) ~[spigot.jar:git-Spigot-db6de12-18fbb24]
	... 15 more
[23:48:13] [Server thread/ERROR]: Could not pass event InventoryClickEvent to ICMPvPBox vALPHA^0.1
org.bukkit.event.EventException
	at org.bukkit.plugin.java.JavaPluginLoader$1.execute(JavaPluginLoader.java:310) ~[spigot.jar:git-Spigot-db6de12-18fbb24]
	at org.bukkit.plugin.RegisteredListener.callEvent(RegisteredListener.java:62) ~[spigot.jar:git-Spigot-db6de12-18fbb24]
	at org.bukkit.plugin.SimplePluginManager.fireEvent(SimplePluginManager.java:502) [spigot.jar:git-Spigot-db6de12-18fbb24]
	at org.bukkit.plugin.SimplePluginManager.callEvent(SimplePluginManager.java:487) [spigot.jar:git-Spigot-db6de12-18fbb24]
	at net.minecraft.server.v1_8_R3.PlayerConnection.a(PlayerConnection.java:1630) [spigot.jar:git-Spigot-db6de12-18fbb24]
	at net.minecraft.server.v1_8_R3.PacketPlayInWindowClick.a(SourceFile:31) [spigot.jar:git-Spigot-db6de12-18fbb24]
	at net.minecraft.server.v1_8_R3.PacketPlayInWindowClick.a(SourceFile:9) [spigot.jar:git-Spigot-db6de12-18fbb24]
	at net.minecraft.server.v1_8_R3.PlayerConnectionUtils$1.run(SourceFile:13) [spigot.jar:git-Spigot-db6de12-18fbb24]
	at java.util.concurrent.Executors$RunnableAdapter.call(Unknown Source) [?:1.8.0_281]
	at java.util.concurrent.FutureTask.run(Unknown Source) [?:1.8.0_281]
	at net.minecraft.server.v1_8_R3.SystemUtils.a(SourceFile:44) [spigot.jar:git-Spigot-db6de12-18fbb24]
	at net.minecraft.server.v1_8_R3.MinecraftServer.B(MinecraftServer.java:715) [spigot.jar:git-Spigot-db6de12-18fbb24]
	at net.minecraft.server.v1_8_R3.DedicatedServer.B(DedicatedServer.java:374) [spigot.jar:git-Spigot-db6de12-18fbb24]
	at net.minecraft.server.v1_8_R3.MinecraftServer.A(MinecraftServer.java:654) [spigot.jar:git-Spigot-db6de12-18fbb24]
	at net.minecraft.server.v1_8_R3.MinecraftServer.run(MinecraftServer.java:557) [spigot.jar:git-Spigot-db6de12-18fbb24]
	at java.lang.Thread.run(Unknown Source) [?:1.8.0_281]
Caused by: java.lang.NullPointerException
	at fr.icm.zone.event.UserRemoveZoneEvent.userClickOnRemoveZoneInventory(UserRemoveZoneEvent.java:26) ~[?:?]
	at sun.reflect.NativeMethodAccessorImpl.invoke0(Native Method) ~[?:1.8.0_281]
	at sun.reflect.NativeMethodAccessorImpl.invoke(Unknown Source) ~[?:1.8.0_281]
	at sun.reflect.DelegatingMethodAccessorImpl.invoke(Unknown Source) ~[?:1.8.0_281]
	at java.lang.reflect.Method.invoke(Unknown Source) ~[?:1.8.0_281]
	at org.bukkit.plugin.java.JavaPluginLoader$1.execute(JavaPluginLoader.java:306) ~[spigot.jar:git-Spigot-db6de12-18fbb24]
	... 15 more
[23:48:13] [Server thread/ERROR]: Could not pass event InventoryClickEvent to ICMPvPBox vALPHA^0.1
org.bukkit.event.EventException
	at org.bukkit.plugin.java.JavaPluginLoader$1.execute(JavaPluginLoader.java:310) ~[spigot.jar:git-Spigot-db6de12-18fbb24]
	at org.bukkit.plugin.RegisteredListener.callEvent(RegisteredListener.java:62) ~[spigot.jar:git-Spigot-db6de12-18fbb24]
	at org.bukkit.plugin.SimplePluginManager.fireEvent(SimplePluginManager.java:502) [spigot.jar:git-Spigot-db6de12-18fbb24]
	at org.bukkit.plugin.SimplePluginManager.callEvent(SimplePluginManager.java:487) [spigot.jar:git-Spigot-db6de12-18fbb24]
	at net.minecraft.server.v1_8_R3.PlayerConnection.a(PlayerConnection.java:1630) [spigot.jar:git-Spigot-db6de12-18fbb24]
	at net.minecraft.server.v1_8_R3.PacketPlayInWindowClick.a(SourceFile:31) [spigot.jar:git-Spigot-db6de12-18fbb24]
	at net.minecraft.server.v1_8_R3.PacketPlayInWindowClick.a(SourceFile:9) [spigot.jar:git-Spigot-db6de12-18fbb24]
	at net.minecraft.server.v1_8_R3.PlayerConnectionUtils$1.run(SourceFile:13) [spigot.jar:git-Spigot-db6de12-18fbb24]
	at java.util.concurrent.Executors$RunnableAdapter.call(Unknown Source) [?:1.8.0_281]
	at java.util.concurrent.FutureTask.run(Unknown Source) [?:1.8.0_281]
	at net.minecraft.server.v1_8_R3.SystemUtils.a(SourceFile:44) [spigot.jar:git-Spigot-db6de12-18fbb24]
	at net.minecraft.server.v1_8_R3.MinecraftServer.B(MinecraftServer.java:715) [spigot.jar:git-Spigot-db6de12-18fbb24]
	at net.minecraft.server.v1_8_R3.DedicatedServer.B(DedicatedServer.java:374) [spigot.jar:git-Spigot-db6de12-18fbb24]
	at net.minecraft.server.v1_8_R3.MinecraftServer.A(MinecraftServer.java:654) [spigot.jar:git-Spigot-db6de12-18fbb24]
	at net.minecraft.server.v1_8_R3.MinecraftServer.run(MinecraftServer.java:557) [spigot.jar:git-Spigot-db6de12-18fbb24]
	at java.lang.Thread.run(Unknown Source) [?:1.8.0_281]
Caused by: java.lang.NullPointerException
	at fr.icm.zone.event.UserRemoveZoneEvent.userClickOnRemoveZoneInventory(UserRemoveZoneEvent.java:26) ~[?:?]
	at sun.reflect.NativeMethodAccessorImpl.invoke0(Native Method) ~[?:1.8.0_281]
	at sun.reflect.NativeMethodAccessorImpl.invoke(Unknown Source) ~[?:1.8.0_281]
	at sun.reflect.DelegatingMethodAccessorImpl.invoke(Unknown Source) ~[?:1.8.0_281]
	at java.lang.reflect.Method.invoke(Unknown Source) ~[?:1.8.0_281]
	at org.bukkit.plugin.java.JavaPluginLoader$1.execute(JavaPluginLoader.java:306) ~[spigot.jar:git-Spigot-db6de12-18fbb24]
	... 15 more
[23:48:13] [Server thread/ERROR]: Could not pass event InventoryClickEvent to ICMPvPBox vALPHA^0.1
org.bukkit.event.EventException
	at org.bukkit.plugin.java.JavaPluginLoader$1.execute(JavaPluginLoader.java:310) ~[spigot.jar:git-Spigot-db6de12-18fbb24]
	at org.bukkit.plugin.RegisteredListener.callEvent(RegisteredListener.java:62) ~[spigot.jar:git-Spigot-db6de12-18fbb24]
	at org.bukkit.plugin.SimplePluginManager.fireEvent(SimplePluginManager.java:502) [spigot.jar:git-Spigot-db6de12-18fbb24]
	at org.bukkit.plugin.SimplePluginManager.callEvent(SimplePluginManager.java:487) [spigot.jar:git-Spigot-db6de12-18fbb24]
	at net.minecraft.server.v1_8_R3.PlayerConnection.a(PlayerConnection.java:1630) [spigot.jar:git-Spigot-db6de12-18fbb24]
	at net.minecraft.server.v1_8_R3.PacketPlayInWindowClick.a(SourceFile:31) [spigot.jar:git-Spigot-db6de12-18fbb24]
	at net.minecraft.server.v1_8_R3.PacketPlayInWindowClick.a(SourceFile:9) [spigot.jar:git-Spigot-db6de12-18fbb24]
	at net.minecraft.server.v1_8_R3.PlayerConnectionUtils$1.run(SourceFile:13) [spigot.jar:git-Spigot-db6de12-18fbb24]
	at java.util.concurrent.Executors$RunnableAdapter.call(Unknown Source) [?:1.8.0_281]
	at java.util.concurrent.FutureTask.run(Unknown Source) [?:1.8.0_281]
	at net.minecraft.server.v1_8_R3.SystemUtils.a(SourceFile:44) [spigot.jar:git-Spigot-db6de12-18fbb24]
	at net.minecraft.server.v1_8_R3.MinecraftServer.B(MinecraftServer.java:715) [spigot.jar:git-Spigot-db6de12-18fbb24]
	at net.minecraft.server.v1_8_R3.DedicatedServer.B(DedicatedServer.java:374) [spigot.jar:git-Spigot-db6de12-18fbb24]
	at net.minecraft.server.v1_8_R3.MinecraftServer.A(MinecraftServer.java:654) [spigot.jar:git-Spigot-db6de12-18fbb24]
	at net.minecraft.server.v1_8_R3.MinecraftServer.run(MinecraftServer.java:557) [spigot.jar:git-Spigot-db6de12-18fbb24]
	at java.lang.Thread.run(Unknown Source) [?:1.8.0_281]
Caused by: java.lang.NullPointerException
	at fr.icm.zone.event.UserRemoveZoneEvent.userClickOnRemoveZoneInventory(UserRemoveZoneEvent.java:26) ~[?:?]
	at sun.reflect.NativeMethodAccessorImpl.invoke0(Native Method) ~[?:1.8.0_281]
	at sun.reflect.NativeMethodAccessorImpl.invoke(Unknown Source) ~[?:1.8.0_281]
	at sun.reflect.DelegatingMethodAccessorImpl.invoke(Unknown Source) ~[?:1.8.0_281]
	at java.lang.reflect.Method.invoke(Unknown Source) ~[?:1.8.0_281]
	at org.bukkit.plugin.java.JavaPluginLoader$1.execute(JavaPluginLoader.java:306) ~[spigot.jar:git-Spigot-db6de12-18fbb24]
	... 15 more
[23:48:14] [Server thread/ERROR]: Could not pass event InventoryClickEvent to ICMPvPBox vALPHA^0.1
org.bukkit.event.EventException
	at org.bukkit.plugin.java.JavaPluginLoader$1.execute(JavaPluginLoader.java:310) ~[spigot.jar:git-Spigot-db6de12-18fbb24]
	at org.bukkit.plugin.RegisteredListener.callEvent(RegisteredListener.java:62) ~[spigot.jar:git-Spigot-db6de12-18fbb24]
	at org.bukkit.plugin.SimplePluginManager.fireEvent(SimplePluginManager.java:502) [spigot.jar:git-Spigot-db6de12-18fbb24]
	at org.bukkit.plugin.SimplePluginManager.callEvent(SimplePluginManager.java:487) [spigot.jar:git-Spigot-db6de12-18fbb24]
	at net.minecraft.server.v1_8_R3.PlayerConnection.a(PlayerConnection.java:1630) [spigot.jar:git-Spigot-db6de12-18fbb24]
	at net.minecraft.server.v1_8_R3.PacketPlayInWindowClick.a(SourceFile:31) [spigot.jar:git-Spigot-db6de12-18fbb24]
	at net.minecraft.server.v1_8_R3.PacketPlayInWindowClick.a(SourceFile:9) [spigot.jar:git-Spigot-db6de12-18fbb24]
	at net.minecraft.server.v1_8_R3.PlayerConnectionUtils$1.run(SourceFile:13) [spigot.jar:git-Spigot-db6de12-18fbb24]
	at java.util.concurrent.Executors$RunnableAdapter.call(Unknown Source) [?:1.8.0_281]
	at java.util.concurrent.FutureTask.run(Unknown Source) [?:1.8.0_281]
	at net.minecraft.server.v1_8_R3.SystemUtils.a(SourceFile:44) [spigot.jar:git-Spigot-db6de12-18fbb24]
	at net.minecraft.server.v1_8_R3.MinecraftServer.B(MinecraftServer.java:715) [spigot.jar:git-Spigot-db6de12-18fbb24]
	at net.minecraft.server.v1_8_R3.DedicatedServer.B(DedicatedServer.java:374) [spigot.jar:git-Spigot-db6de12-18fbb24]
	at net.minecraft.server.v1_8_R3.MinecraftServer.A(MinecraftServer.java:654) [spigot.jar:git-Spigot-db6de12-18fbb24]
	at net.minecraft.server.v1_8_R3.MinecraftServer.run(MinecraftServer.java:557) [spigot.jar:git-Spigot-db6de12-18fbb24]
	at java.lang.Thread.run(Unknown Source) [?:1.8.0_281]
Caused by: java.lang.NullPointerException
	at fr.icm.zone.event.UserRemoveZoneEvent.userClickOnRemoveZoneInventory(UserRemoveZoneEvent.java:26) ~[?:?]
	at sun.reflect.GeneratedMethodAccessor8.invoke(Unknown Source) ~[?:?]
	at sun.reflect.DelegatingMethodAccessorImpl.invoke(Unknown Source) ~[?:1.8.0_281]
	at java.lang.reflect.Method.invoke(Unknown Source) ~[?:1.8.0_281]
	at org.bukkit.plugin.java.JavaPluginLoader$1.execute(JavaPluginLoader.java:306) ~[spigot.jar:git-Spigot-db6de12-18fbb24]
	... 15 more
[23:48:14] [Server thread/ERROR]: Could not pass event InventoryClickEvent to ICMPvPBox vALPHA^0.1
org.bukkit.event.EventException
	at org.bukkit.plugin.java.JavaPluginLoader$1.execute(JavaPluginLoader.java:310) ~[spigot.jar:git-Spigot-db6de12-18fbb24]
	at org.bukkit.plugin.RegisteredListener.callEvent(RegisteredListener.java:62) ~[spigot.jar:git-Spigot-db6de12-18fbb24]
	at org.bukkit.plugin.SimplePluginManager.fireEvent(SimplePluginManager.java:502) [spigot.jar:git-Spigot-db6de12-18fbb24]
	at org.bukkit.plugin.SimplePluginManager.callEvent(SimplePluginManager.java:487) [spigot.jar:git-Spigot-db6de12-18fbb24]
	at net.minecraft.server.v1_8_R3.PlayerConnection.a(PlayerConnection.java:1630) [spigot.jar:git-Spigot-db6de12-18fbb24]
	at net.minecraft.server.v1_8_R3.PacketPlayInWindowClick.a(SourceFile:31) [spigot.jar:git-Spigot-db6de12-18fbb24]
	at net.minecraft.server.v1_8_R3.PacketPlayInWindowClick.a(SourceFile:9) [spigot.jar:git-Spigot-db6de12-18fbb24]
	at net.minecraft.server.v1_8_R3.PlayerConnectionUtils$1.run(SourceFile:13) [spigot.jar:git-Spigot-db6de12-18fbb24]
	at java.util.concurrent.Executors$RunnableAdapter.call(Unknown Source) [?:1.8.0_281]
	at java.util.concurrent.FutureTask.run(Unknown Source) [?:1.8.0_281]
	at net.minecraft.server.v1_8_R3.SystemUtils.a(SourceFile:44) [spigot.jar:git-Spigot-db6de12-18fbb24]
	at net.minecraft.server.v1_8_R3.MinecraftServer.B(MinecraftServer.java:715) [spigot.jar:git-Spigot-db6de12-18fbb24]
	at net.minecraft.server.v1_8_R3.DedicatedServer.B(DedicatedServer.java:374) [spigot.jar:git-Spigot-db6de12-18fbb24]
	at net.minecraft.server.v1_8_R3.MinecraftServer.A(MinecraftServer.java:654) [spigot.jar:git-Spigot-db6de12-18fbb24]
	at net.minecraft.server.v1_8_R3.MinecraftServer.run(MinecraftServer.java:557) [spigot.jar:git-Spigot-db6de12-18fbb24]
	at java.lang.Thread.run(Unknown Source) [?:1.8.0_281]
Caused by: java.lang.NullPointerException
	at fr.icm.zone.event.UserRemoveZoneEvent.userClickOnRemoveZoneInventory(UserRemoveZoneEvent.java:26) ~[?:?]
	at sun.reflect.GeneratedMethodAccessor8.invoke(Unknown Source) ~[?:?]
	at sun.reflect.DelegatingMethodAccessorImpl.invoke(Unknown Source) ~[?:1.8.0_281]
	at java.lang.reflect.Method.invoke(Unknown Source) ~[?:1.8.0_281]
	at org.bukkit.plugin.java.JavaPluginLoader$1.execute(JavaPluginLoader.java:306) ~[spigot.jar:git-Spigot-db6de12-18fbb24]
	... 15 more
[23:48:14] [Server thread/ERROR]: Could not pass event InventoryClickEvent to ICMPvPBox vALPHA^0.1
org.bukkit.event.EventException
	at org.bukkit.plugin.java.JavaPluginLoader$1.execute(JavaPluginLoader.java:310) ~[spigot.jar:git-Spigot-db6de12-18fbb24]
	at org.bukkit.plugin.RegisteredListener.callEvent(RegisteredListener.java:62) ~[spigot.jar:git-Spigot-db6de12-18fbb24]
	at org.bukkit.plugin.SimplePluginManager.fireEvent(SimplePluginManager.java:502) [spigot.jar:git-Spigot-db6de12-18fbb24]
	at org.bukkit.plugin.SimplePluginManager.callEvent(SimplePluginManager.java:487) [spigot.jar:git-Spigot-db6de12-18fbb24]
	at net.minecraft.server.v1_8_R3.PlayerConnection.a(PlayerConnection.java:1630) [spigot.jar:git-Spigot-db6de12-18fbb24]
	at net.minecraft.server.v1_8_R3.PacketPlayInWindowClick.a(SourceFile:31) [spigot.jar:git-Spigot-db6de12-18fbb24]
	at net.minecraft.server.v1_8_R3.PacketPlayInWindowClick.a(SourceFile:9) [spigot.jar:git-Spigot-db6de12-18fbb24]
	at net.minecraft.server.v1_8_R3.PlayerConnectionUtils$1.run(SourceFile:13) [spigot.jar:git-Spigot-db6de12-18fbb24]
	at java.util.concurrent.Executors$RunnableAdapter.call(Unknown Source) [?:1.8.0_281]
	at java.util.concurrent.FutureTask.run(Unknown Source) [?:1.8.0_281]
	at net.minecraft.server.v1_8_R3.SystemUtils.a(SourceFile:44) [spigot.jar:git-Spigot-db6de12-18fbb24]
	at net.minecraft.server.v1_8_R3.MinecraftServer.B(MinecraftServer.java:715) [spigot.jar:git-Spigot-db6de12-18fbb24]
	at net.minecraft.server.v1_8_R3.DedicatedServer.B(DedicatedServer.java:374) [spigot.jar:git-Spigot-db6de12-18fbb24]
	at net.minecraft.server.v1_8_R3.MinecraftServer.A(MinecraftServer.java:654) [spigot.jar:git-Spigot-db6de12-18fbb24]
	at net.minecraft.server.v1_8_R3.MinecraftServer.run(MinecraftServer.java:557) [spigot.jar:git-Spigot-db6de12-18fbb24]
	at java.lang.Thread.run(Unknown Source) [?:1.8.0_281]
Caused by: java.lang.NullPointerException
	at fr.icm.zone.event.UserRemoveZoneEvent.userClickOnRemoveZoneInventory(UserRemoveZoneEvent.java:26) ~[?:?]
	at sun.reflect.GeneratedMethodAccessor8.invoke(Unknown Source) ~[?:?]
	at sun.reflect.DelegatingMethodAccessorImpl.invoke(Unknown Source) ~[?:1.8.0_281]
	at java.lang.reflect.Method.invoke(Unknown Source) ~[?:1.8.0_281]
	at org.bukkit.plugin.java.JavaPluginLoader$1.execute(JavaPluginLoader.java:306) ~[spigot.jar:git-Spigot-db6de12-18fbb24]
	... 15 more
[23:48:14] [Server thread/ERROR]: Could not pass event InventoryClickEvent to ICMPvPBox vALPHA^0.1
org.bukkit.event.EventException
	at org.bukkit.plugin.java.JavaPluginLoader$1.execute(JavaPluginLoader.java:310) ~[spigot.jar:git-Spigot-db6de12-18fbb24]
	at org.bukkit.plugin.RegisteredListener.callEvent(RegisteredListener.java:62) ~[spigot.jar:git-Spigot-db6de12-18fbb24]
	at org.bukkit.plugin.SimplePluginManager.fireEvent(SimplePluginManager.java:502) [spigot.jar:git-Spigot-db6de12-18fbb24]
	at org.bukkit.plugin.SimplePluginManager.callEvent(SimplePluginManager.java:487) [spigot.jar:git-Spigot-db6de12-18fbb24]
	at net.minecraft.server.v1_8_R3.PlayerConnection.a(PlayerConnection.java:1630) [spigot.jar:git-Spigot-db6de12-18fbb24]
	at net.minecraft.server.v1_8_R3.PacketPlayInWindowClick.a(SourceFile:31) [spigot.jar:git-Spigot-db6de12-18fbb24]
	at net.minecraft.server.v1_8_R3.PacketPlayInWindowClick.a(SourceFile:9) [spigot.jar:git-Spigot-db6de12-18fbb24]
	at net.minecraft.server.v1_8_R3.PlayerConnectionUtils$1.run(SourceFile:13) [spigot.jar:git-Spigot-db6de12-18fbb24]
	at java.util.concurrent.Executors$RunnableAdapter.call(Unknown Source) [?:1.8.0_281]
	at java.util.concurrent.FutureTask.run(Unknown Source) [?:1.8.0_281]
	at net.minecraft.server.v1_8_R3.SystemUtils.a(SourceFile:44) [spigot.jar:git-Spigot-db6de12-18fbb24]
	at net.minecraft.server.v1_8_R3.MinecraftServer.B(MinecraftServer.java:715) [spigot.jar:git-Spigot-db6de12-18fbb24]
	at net.minecraft.server.v1_8_R3.DedicatedServer.B(DedicatedServer.java:374) [spigot.jar:git-Spigot-db6de12-18fbb24]
	at net.minecraft.server.v1_8_R3.MinecraftServer.A(MinecraftServer.java:654) [spigot.jar:git-Spigot-db6de12-18fbb24]
	at net.minecraft.server.v1_8_R3.MinecraftServer.run(MinecraftServer.java:557) [spigot.jar:git-Spigot-db6de12-18fbb24]
	at java.lang.Thread.run(Unknown Source) [?:1.8.0_281]
Caused by: java.lang.NullPointerException
	at fr.icm.zone.event.UserRemoveZoneEvent.userClickOnRemoveZoneInventory(UserRemoveZoneEvent.java:26) ~[?:?]
	at sun.reflect.GeneratedMethodAccessor8.invoke(Unknown Source) ~[?:?]
	at sun.reflect.DelegatingMethodAccessorImpl.invoke(Unknown Source) ~[?:1.8.0_281]
	at java.lang.reflect.Method.invoke(Unknown Source) ~[?:1.8.0_281]
	at org.bukkit.plugin.java.JavaPluginLoader$1.execute(JavaPluginLoader.java:306) ~[spigot.jar:git-Spigot-db6de12-18fbb24]
	... 15 more
[23:49:51] [Server thread/INFO]: Shurisko lost connection: Disconnected
[23:49:51] [Server thread/INFO]: [-] Admin Shurisko
