[21:50:20] [Server thread/INFO]: Starting minecraft server version 1.8.8
[21:50:20] [Server thread/INFO]: Loading properties
[21:50:20] [Server thread/WARN]: server.properties does not exist
[21:50:20] [Server thread/INFO]: Generating new properties file
[21:50:20] [Server thread/INFO]: Default game type: SURVIVAL
[21:50:20] [Server thread/INFO]: This server is running CraftBukkit version git-Spigot-db6de12-18fbb24 (MC: 1.8.8) (Implementing API version 1.8.8-R0.1-SNAPSHOT)
[21:50:20] [Server thread/INFO]: Unable to find file banned-players.json, creating it.
[21:50:20] [Server thread/INFO]: Unable to find file banned-ips.json, creating it.
[21:50:20] [Server thread/INFO]: Unable to find file ops.json, creating it.
[21:50:20] [Server thread/INFO]: Unable to find file whitelist.json, creating it.
[21:50:20] [Server thread/INFO]: Debug logging is disabled
[21:50:20] [Server thread/INFO]: Using 4 threads for Netty based IO
[21:50:20] [Server thread/INFO]: Server Ping Player Sample Count: 12
[21:50:20] [Server thread/INFO]: Generating keypair
[21:50:20] [Server thread/INFO]: Starting Minecraft server on *:25565
[21:50:20] [Server thread/INFO]: Using default channel type
[21:50:21] [Server thread/INFO]: **** Beginning UUID conversion, this may take A LONG time ****
[21:50:21] [Server thread/INFO]: Preparing level "world"
[21:50:21] [Server thread/INFO]: -------- World Settings For [world] --------
[21:50:21] [Server thread/INFO]: Arrow Despawn Rate: 1200
[21:50:21] [Server thread/INFO]: Item Merge Radius: 2.5
[21:50:21] [Server thread/INFO]: Item Despawn Rate: 6000
[21:50:21] [Server thread/INFO]: Allow Zombie Pigmen to spawn from portal blocks: true
[21:50:21] [Server thread/INFO]: Custom Map Seeds:  Village: 10387312 Feature: 14357617
[21:50:21] [Server thread/INFO]: Max Entity Collisions: 8
[21:50:21] [Server thread/INFO]: View Distance: 10
[21:50:21] [Server thread/INFO]: Experience Merge Radius: 3.0
[21:50:21] [Server thread/INFO]: Chunks to Grow per Tick: 650
[21:50:21] [Server thread/INFO]: Clear tick list: false
[21:50:21] [Server thread/INFO]: Nerfing mobs spawned from spawners: false
[21:50:21] [Server thread/INFO]: Entity Activation Range: An 32 / Mo 32 / Mi 16
[21:50:21] [Server thread/INFO]: Cactus Growth Modifier: 100%
[21:50:21] [Server thread/INFO]: Cane Growth Modifier: 100%
[21:50:21] [Server thread/INFO]: Melon Growth Modifier: 100%
[21:50:21] [Server thread/INFO]: Mushroom Growth Modifier: 100%
[21:50:21] [Server thread/INFO]: Pumpkin Growth Modifier: 100%
[21:50:21] [Server thread/INFO]: Sapling Growth Modifier: 100%
[21:50:21] [Server thread/INFO]: Wheat Growth Modifier: 100%
[21:50:21] [Server thread/INFO]: NetherWart Growth Modifier: 100%
[21:50:21] [Server thread/INFO]: Random Lighting Updates: false
[21:50:21] [Server thread/INFO]: Entity Tracking Range: Pl 48 / An 48 / Mo 48 / Mi 32 / Other 64
[21:50:21] [Server thread/INFO]: Structure Info Saving: true
[21:50:21] [Server thread/INFO]: Hopper Transfer: 8 Hopper Check: 8 Hopper Amount: 1
[21:50:21] [Server thread/INFO]: Sending up to 10 chunks per packet
[21:50:21] [Server thread/INFO]: Anti X-Ray: true
[21:50:21] [Server thread/INFO]: 	Engine Mode: 1
[21:50:21] [Server thread/INFO]: 	Hidden Blocks: [14, 15, 16, 21, 48, 49, 54, 56, 73, 74, 82, 129, 130]
[21:50:21] [Server thread/INFO]: 	Replace Blocks: [1, 5]
[21:50:21] [Server thread/INFO]: Mob Spawn Range: 4
[21:50:21] [Server thread/INFO]: Tile Max Tick Time: 50ms Entity max Tick Time: 50ms
[21:50:21] [Server thread/INFO]: Max TNT Explosions: 100
[21:50:21] [Server thread/INFO]: Zombie Aggressive Towards Villager: true
[21:50:21] [Server thread/INFO]: -------- World Settings For [world_nether] --------
[21:50:21] [Server thread/INFO]: Arrow Despawn Rate: 1200
[21:50:21] [Server thread/INFO]: Item Merge Radius: 2.5
[21:50:21] [Server thread/INFO]: Item Despawn Rate: 6000
[21:50:21] [Server thread/INFO]: Allow Zombie Pigmen to spawn from portal blocks: true
[21:50:21] [Server thread/INFO]: Custom Map Seeds:  Village: 10387312 Feature: 14357617
[21:50:21] [Server thread/INFO]: Max Entity Collisions: 8
[21:50:21] [Server thread/INFO]: View Distance: 10
[21:50:21] [Server thread/INFO]: Experience Merge Radius: 3.0
[21:50:21] [Server thread/INFO]: Chunks to Grow per Tick: 650
[21:50:21] [Server thread/INFO]: Clear tick list: false
[21:50:21] [Server thread/INFO]: Nerfing mobs spawned from spawners: false
[21:50:21] [Server thread/INFO]: Entity Activation Range: An 32 / Mo 32 / Mi 16
[21:50:21] [Server thread/INFO]: Cactus Growth Modifier: 100%
[21:50:21] [Server thread/INFO]: Cane Growth Modifier: 100%
[21:50:21] [Server thread/INFO]: Melon Growth Modifier: 100%
[21:50:21] [Server thread/INFO]: Mushroom Growth Modifier: 100%
[21:50:21] [Server thread/INFO]: Pumpkin Growth Modifier: 100%
[21:50:21] [Server thread/INFO]: Sapling Growth Modifier: 100%
[21:50:21] [Server thread/INFO]: Wheat Growth Modifier: 100%
[21:50:21] [Server thread/INFO]: NetherWart Growth Modifier: 100%
[21:50:21] [Server thread/INFO]: Random Lighting Updates: false
[21:50:21] [Server thread/INFO]: Entity Tracking Range: Pl 48 / An 48 / Mo 48 / Mi 32 / Other 64
[21:50:21] [Server thread/INFO]: Structure Info Saving: true
[21:50:21] [Server thread/INFO]: Hopper Transfer: 8 Hopper Check: 8 Hopper Amount: 1
[21:50:21] [Server thread/INFO]: Sending up to 10 chunks per packet
[21:50:21] [Server thread/INFO]: Anti X-Ray: true
[21:50:21] [Server thread/INFO]: 	Engine Mode: 1
[21:50:21] [Server thread/INFO]: 	Hidden Blocks: [14, 15, 16, 21, 48, 49, 54, 56, 73, 74, 82, 129, 130]
[21:50:21] [Server thread/INFO]: 	Replace Blocks: [1, 5]
[21:50:21] [Server thread/INFO]: Mob Spawn Range: 4
[21:50:21] [Server thread/INFO]: Tile Max Tick Time: 50ms Entity max Tick Time: 50ms
[21:50:21] [Server thread/INFO]: Max TNT Explosions: 100
[21:50:21] [Server thread/INFO]: Zombie Aggressive Towards Villager: true
[21:50:21] [Server thread/INFO]: -------- World Settings For [world_the_end] --------
[21:50:21] [Server thread/INFO]: Arrow Despawn Rate: 1200
[21:50:21] [Server thread/INFO]: Item Merge Radius: 2.5
[21:50:21] [Server thread/INFO]: Item Despawn Rate: 6000
[21:50:21] [Server thread/INFO]: Allow Zombie Pigmen to spawn from portal blocks: true
[21:50:21] [Server thread/INFO]: Custom Map Seeds:  Village: 10387312 Feature: 14357617
[21:50:21] [Server thread/INFO]: Max Entity Collisions: 8
[21:50:21] [Server thread/INFO]: View Distance: 10
[21:50:21] [Server thread/INFO]: Experience Merge Radius: 3.0
[21:50:21] [Server thread/INFO]: Chunks to Grow per Tick: 650
[21:50:21] [Server thread/INFO]: Clear tick list: false
[21:50:21] [Server thread/INFO]: Nerfing mobs spawned from spawners: false
[21:50:21] [Server thread/INFO]: Entity Activation Range: An 32 / Mo 32 / Mi 16
[21:50:21] [Server thread/INFO]: Cactus Growth Modifier: 100%
[21:50:21] [Server thread/INFO]: Cane Growth Modifier: 100%
[21:50:21] [Server thread/INFO]: Melon Growth Modifier: 100%
[21:50:21] [Server thread/INFO]: Mushroom Growth Modifier: 100%
[21:50:21] [Server thread/INFO]: Pumpkin Growth Modifier: 100%
[21:50:21] [Server thread/INFO]: Sapling Growth Modifier: 100%
[21:50:21] [Server thread/INFO]: Wheat Growth Modifier: 100%
[21:50:21] [Server thread/INFO]: NetherWart Growth Modifier: 100%
[21:50:21] [Server thread/INFO]: Random Lighting Updates: false
[21:50:21] [Server thread/INFO]: Entity Tracking Range: Pl 48 / An 48 / Mo 48 / Mi 32 / Other 64
[21:50:21] [Server thread/INFO]: Structure Info Saving: true
[21:50:21] [Server thread/INFO]: Hopper Transfer: 8 Hopper Check: 8 Hopper Amount: 1
[21:50:21] [Server thread/INFO]: Sending up to 10 chunks per packet
[21:50:21] [Server thread/INFO]: Anti X-Ray: true
[21:50:21] [Server thread/INFO]: 	Engine Mode: 1
[21:50:21] [Server thread/INFO]: 	Hidden Blocks: [14, 15, 16, 21, 48, 49, 54, 56, 73, 74, 82, 129, 130]
[21:50:21] [Server thread/INFO]: 	Replace Blocks: [1, 5]
[21:50:21] [Server thread/INFO]: Mob Spawn Range: 4
[21:50:21] [Server thread/INFO]: Tile Max Tick Time: 50ms Entity max Tick Time: 50ms
[21:50:21] [Server thread/INFO]: Max TNT Explosions: 100
[21:50:21] [Server thread/INFO]: Zombie Aggressive Towards Villager: true
[21:50:21] [Server thread/INFO]: Preparing start region for level 0 (Seed: -5063807556687928591)
[21:50:22] [Server thread/INFO]: Preparing spawn area: 7%
[21:50:23] [Server thread/INFO]: Preparing spawn area: 17%
[21:50:24] [Server thread/INFO]: Preparing spawn area: 28%
[21:50:25] [Server thread/INFO]: Preparing spawn area: 42%
[21:50:26] [Server thread/INFO]: Preparing spawn area: 59%
[21:50:27] [Server thread/INFO]: Preparing spawn area: 77%
[21:50:28] [Server thread/INFO]: Preparing spawn area: 90%
[21:50:29] [Server thread/INFO]: Preparing start region for level 1 (Seed: -5063807556687928591)
[21:50:30] [Server thread/INFO]: Preparing spawn area: 24%
[21:50:31] [Server thread/INFO]: Preparing spawn area: 50%
[21:50:32] [Server thread/INFO]: Preparing spawn area: 69%
[21:50:33] [Server thread/INFO]: Preparing start region for level 2 (Seed: -5063807556687928591)
[21:50:34] [Server thread/INFO]: Preparing spawn area: 60%
[21:50:35] [Server thread/INFO]: Done (13,961s)! For help, type "help" or "?"
[21:50:42] [Server thread/INFO]: Unknown command. Type "/help" for help.
[21:50:44] [Server thread/INFO]: Stopping the server
[21:50:44] [Server thread/INFO]: Stopping server
[21:50:44] [Server thread/INFO]: Saving players
[21:50:44] [Server thread/INFO]: Saving worlds
[21:50:44] [Server thread/INFO]: Saving chunks for level 'world'/Overworld
[21:50:45] [Server thread/INFO]: Saving chunks for level 'world_nether'/Nether
[21:50:45] [Server thread/INFO]: Saving chunks for level 'world_the_end'/The End
